<?xml version="1.0" encoding="UTF-8"?>
<!-- Generated by org.testng.reporters.JUnitXMLReporter -->
<testsuite ignored="0" hostname="BSS_A487" failures="0" tests="8" name="Default test" time="11.095" errors="0" timestamp="2022-08-19T12:48:40 WEST">
  <testcase classname="dcs.DataCatalogService" name="ReadCatalog" time="3.829"/>
  <testcase classname="dcs.DataCatalogService" name="ReadCatalogAddressCodesByDistrict" time="1.094"/>
  <testcase classname="dcs.DataCatalogService" name="ReadCatalogAddressCodesByDistrict01" time="0.921"/>
  <testcase classname="dcs.DataCatalogService" name="ReadCatalogAddressCodesByDistrictNotFound" time="0.774"/>
  <testcase classname="dcs.DataCatalogService" name="ReadCatalogCountries" time="1.159"/>
  <testcase classname="dcs.DataCatalogService" name="ReadCatalogCountriesNotFound" time="1.417"/>
  <testcase classname="dcs.DataCatalogService" name="ReadCatalogCountriesPT" time="0.83"/>
  <testcase classname="dcs.DataCatalogService" name="ReadCatalogTaxAutServices" time="0.987"/>
</testsuite> <!-- Default test -->
